<?xml version="1.0" encoding="UTF-8"?>
<!-- Generated by org.testng.reporters.JUnitReportReporter -->
<testsuite hostname="SHISHIR" failures="0" tests="1" name="ccv1.testcases.HomeUrlTest" time="101.377" errors="0" timestamp="2024-02-08T23:12:18 BDT" skipped="0">
  <testcase classname="ccv1.testcases.HomeUrlTest" name="TotalLinkTest" time="101.377"/>
  <system-out/>
</testsuite> <!-- ccv1.testcases.HomeUrlTest -->
