<?xml version="1.0" encoding="UTF-8"?>
<!-- Generated by org.testng.reporters.JUnitReportReporter -->
<testsuite hostname="SHISHIR" failures="0" tests="1" name="ccv1.testcases.YahooMailTest" time="88.517" errors="0" timestamp="2024-02-24T00:00:21 BDT" skipped="0">
  <testcase classname="ccv1.testcases.YahooMailTest" name="TotalLinkTest" time="88.517"/>
  <system-out/>
</testsuite> <!-- ccv1.testcases.YahooMailTest -->
